# JRE version: Java(TM) SE Runtime Environment (17.0.12+8) (build 17.0.12+8-LTS-286)
# Java VM: Java HotSpot(TM) 64-Bit Server VM (17.0.12+8-LTS-286, mixed mode, sharing, tiered, compressed oops, compressed class ptrs, g1 gc, windows-amd64)
GC Precious Log:
 CPUs: 8 total, 8 available
 Memory: 16167M
 Large Page Support: Disabled
 NUMA Support: Disabled
 Compressed Oops: Enabled (Zero based)
 Heap Region Size: 2M
 Heap Min Capacity: 8M
 Heap Initial Capacity: 254M
 Heap Max Capacity: 4G
 Pre-touch: Disabled
 Parallel Workers: 8
 Concurrent Workers: 2
 Concurrent Refinement Workers: 8
 Periodic GC: Disabled
Heap:
 garbage-first heap   total 376832K, used 214319K [0x0000000700000000, 0x0000000800000000)
  region size 2048K, 8 young (16384K), 6 survivors (12288K)
 Metaspace       used 110259K, committed 112256K, reserved 983040K
  class space    used 15419K, committed 16384K, reserved 851968K
GC Heap History (20 events):
Event: 27.518 GC heap before
{Heap before GC invocations=44 (full 0):
 garbage-first heap   total 313344K, used 226396K [0x0000000700000000, 0x0000000800000000)
  region size 2048K, 58 young (118784K), 3 survivors (6144K)
 Metaspace       used 91998K, committed 93184K, reserved 983040K
  class space    used 12882K, committed 13440K, reserved 851968K
}
Event: 27.528 GC heap after
{Heap after GC invocations=45 (full 0):
 garbage-first heap   total 313344K, used 122025K [0x0000000700000000, 0x0000000800000000)
  region size 2048K, 7 young (14336K), 7 survivors (14336K)
 Metaspace       used 91998K, committed 93184K, reserved 983040K
  class space    used 12882K, committed 13440K, reserved 851968K
}
Event: 29.270 GC heap before
{Heap before GC invocations=45 (full 0):
 garbage-first heap   total 313344K, used 232617K [0x0000000700000000, 0x0000000800000000)
  region size 2048K, 61 young (124928K), 7 survivors (14336K)
 Metaspace       used 98834K, committed 100032K, reserved 983040K
  class space    used 13922K, committed 14528K, reserved 851968K
}
Event: 29.281 GC heap after
{Heap after GC invocations=46 (full 0):
 garbage-first heap   total 313344K, used 125170K [0x0000000700000000, 0x0000000800000000)
  region size 2048K, 6 young (12288K), 6 survivors (12288K)
 Metaspace       used 98834K, committed 100032K, reserved 983040K
  class space    used 13922K, committed 14528K, reserved 851968K
}
Event: 31.140 GC heap before
{Heap before GC invocations=46 (full 0):
 garbage-first heap   total 313344K, used 239858K [0x0000000700000000, 0x0000000800000000)
  region size 2048K, 62 young (126976K), 6 survivors (12288K)
 Metaspace       used 102584K, committed 104000K, reserved 983040K
  class space    used 14454K, committed 15168K, reserved 851968K
}
Event: 31.152 GC heap after
{Heap after GC invocations=47 (full 0):
 garbage-first heap   total 313344K, used 137081K [0x0000000700000000, 0x0000000800000000)
  region size 2048K, 8 young (16384K), 8 survivors (16384K)
 Metaspace       used 102584K, committed 104000K, reserved 983040K
  class space    used 14454K, committed 15168K, reserved 851968K
}
Event: 32.239 GC heap before
{Heap before GC invocations=47 (full 0):
 garbage-first heap   total 313344K, used 241529K [0x0000000700000000, 0x0000000800000000)
  region size 2048K, 60 young (122880K), 8 survivors (16384K)
 Metaspace       used 103023K, committed 104448K, reserved 983040K
  class space    used 14511K, committed 15232K, reserved 851968K
}
Event: 32.257 GC heap after
{Heap after GC invocations=48 (full 0):
 garbage-first heap   total 313344K, used 143504K [0x0000000700000000, 0x0000000800000000)
  region size 2048K, 4 young (8192K), 4 survivors (8192K)
 Metaspace       used 103023K, committed 104448K, reserved 983040K
  class space    used 14511K, committed 15232K, reserved 851968K
}
Event: 34.412 GC heap before
{Heap before GC invocations=48 (full 0):
 garbage-first heap   total 313344K, used 247952K [0x0000000700000000, 0x0000000800000000)
  region size 2048K, 53 young (108544K), 4 survivors (8192K)
 Metaspace       used 106140K, committed 107712K, reserved 983040K
  class space    used 14851K, committed 15616K, reserved 851968K
}
Event: 34.427 GC heap after
{Heap after GC invocations=49 (full 0):
 garbage-first heap   total 313344K, used 163546K [0x0000000700000000, 0x0000000800000000)
  region size 2048K, 7 young (14336K), 7 survivors (14336K)
 Metaspace       used 106140K, committed 107712K, reserved 983040K
  class space    used 14851K, committed 15616K, reserved 851968K
}
Event: 34.845 GC heap before
{Heap before GC invocations=49 (full 0):
 garbage-first heap   total 313344K, used 245466K [0x0000000700000000, 0x0000000800000000)
  region size 2048K, 48 young (98304K), 7 survivors (14336K)
 Metaspace       used 106143K, committed 107712K, reserved 983040K
  class space    used 14851K, committed 15616K, reserved 851968K
}
Event: 34.856 GC heap after
{Heap after GC invocations=50 (full 0):
 garbage-first heap   total 313344K, used 167921K [0x0000000700000000, 0x0000000800000000)
  region size 2048K, 3 young (6144K), 3 survivors (6144K)
 Metaspace       used 106143K, committed 107712K, reserved 983040K
  class space    used 14851K, committed 15616K, reserved 851968K
}
Event: 36.347 GC heap before
{Heap before GC invocations=50 (full 0):
 garbage-first heap   total 313344K, used 249841K [0x0000000700000000, 0x0000000800000000)
  region size 2048K, 44 young (90112K), 3 survivors (6144K)
 Metaspace       used 107213K, committed 108992K, reserved 983040K
  class space    used 15006K, committed 15872K, reserved 851968K
}
Event: 36.357 GC heap after
{Heap after GC invocations=51 (full 0):
 garbage-first heap   total 313344K, used 183599K [0x0000000700000000, 0x0000000800000000)
  region size 2048K, 6 young (12288K), 6 survivors (12288K)
 Metaspace       used 107213K, committed 108992K, reserved 983040K
  class space    used 15006K, committed 15872K, reserved 851968K
}
Event: 37.115 GC heap before
{Heap before GC invocations=51 (full 0):
 garbage-first heap   total 313344K, used 251183K [0x0000000700000000, 0x0000000800000000)
  region size 2048K, 39 young (79872K), 6 survivors (12288K)
 Metaspace       used 108627K, committed 110464K, reserved 983040K
  class space    used 15157K, committed 16064K, reserved 851968K
}
Event: 37.124 GC heap after
{Heap after GC invocations=52 (full 0):
 garbage-first heap   total 313344K, used 190826K [0x0000000700000000, 0x0000000800000000)
  region size 2048K, 4 young (8192K), 4 survivors (8192K)
 Metaspace       used 108627K, committed 110464K, reserved 983040K
  class space    used 15157K, committed 16064K, reserved 851968K
}
Event: 37.444 GC heap before
{Heap before GC invocations=52 (full 0):
 garbage-first heap   total 313344K, used 250218K [0x0000000700000000, 0x0000000800000000)
  region size 2048K, 34 young (69632K), 4 survivors (8192K)
 Metaspace       used 108627K, committed 110464K, reserved 983040K
  class space    used 15157K, committed 16064K, reserved 851968K
}
Event: 37.450 GC heap after
{Heap after GC invocations=53 (full 0):
 garbage-first heap   total 313344K, used 193002K [0x0000000700000000, 0x0000000800000000)
  region size 2048K, 2 young (4096K), 2 survivors (4096K)
 Metaspace       used 108627K, committed 110464K, reserved 983040K
  class space    used 15157K, committed 16064K, reserved 851968K
}
Event: 38.801 GC heap before
{Heap before GC invocations=53 (full 0):
 garbage-first heap   total 313344K, used 254442K [0x0000000700000000, 0x0000000800000000)
  region size 2048K, 33 young (67584K), 2 survivors (4096K)
 Metaspace       used 109304K, committed 111168K, reserved 983040K
  class space    used 15284K, committed 16192K, reserved 851968K
}
Event: 38.808 GC heap after
{Heap after GC invocations=54 (full 0):
 garbage-first heap   total 376832K, used 203505K [0x0000000700000000, 0x0000000800000000)
  region size 2048K, 5 young (10240K), 5 survivors (10240K)
 Metaspace       used 109304K, committed 111168K, reserved 983040K
  class space    used 15284K, committed 16192K, reserved 851968K
}

