# JRE version: Java(TM) SE Runtime Environment (17.0.12+8) (build 17.0.12+8-LTS-286)
# Java VM: Java HotSpot(TM) 64-Bit Server VM (17.0.12+8-LTS-286, mixed mode, sharing, tiered, compressed oops, compressed class ptrs, g1 gc, windows-amd64)
GC Precious Log:
 CPUs: 8 total, 8 available
 Memory: 16167M
 Large Page Support: Disabled
 NUMA Support: Disabled
 Compressed Oops: Enabled (Zero based)
 Heap Region Size: 2M
 Heap Min Capacity: 8M
 Heap Initial Capacity: 254M
 Heap Max Capacity: 4G
 Pre-touch: Disabled
 Parallel Workers: 8
 Concurrent Workers: 2
 Concurrent Refinement Workers: 8
 Periodic GC: Disabled
Heap:
 garbage-first heap   total 292864K, used 144662K [0x0000000700000000, 0x0000000800000000)
  region size 2048K, 15 young (30720K), 3 survivors (6144K)
 Metaspace       used 97621K, committed 98880K, reserved 983040K
  class space    used 13756K, committed 14400K, reserved 851968K
GC Heap History (20 events):
Event: 21.632 GC heap before
{Heap before GC invocations=44 (full 0):
 garbage-first heap   total 133120K, used 101750K [0x0000000700000000, 0x0000000800000000)
  region size 2048K, 13 young (26624K), 1 survivors (2048K)
 Metaspace       used 71594K, committed 72640K, reserved 917504K
  class space    used 10279K, committed 10816K, reserved 851968K
}
Event: 21.635 GC heap after
{Heap after GC invocations=45 (full 0):
 garbage-first heap   total 159744K, used 81166K [0x0000000700000000, 0x0000000800000000)
  region size 2048K, 2 young (4096K), 2 survivors (4096K)
 Metaspace       used 71594K, committed 72640K, reserved 917504K
  class space    used 10279K, committed 10816K, reserved 851968K
}
Event: 21.924 GC heap before
{Heap before GC invocations=46 (full 0):
 garbage-first heap   total 159744K, used 122126K [0x0000000700000000, 0x0000000800000000)
  region size 2048K, 23 young (47104K), 2 survivors (4096K)
 Metaspace       used 71643K, committed 72704K, reserved 917504K
  class space    used 10279K, committed 10816K, reserved 851968K
}
Event: 21.927 GC heap after
{Heap after GC invocations=47 (full 0):
 garbage-first heap   total 159744K, used 82193K [0x0000000700000000, 0x0000000800000000)
  region size 2048K, 2 young (4096K), 2 survivors (4096K)
 Metaspace       used 71643K, committed 72704K, reserved 917504K
  class space    used 10279K, committed 10816K, reserved 851968K
}
Event: 21.935 GC heap before
{Heap before GC invocations=47 (full 0):
 garbage-first heap   total 159744K, used 84241K [0x0000000700000000, 0x0000000800000000)
  region size 2048K, 3 young (6144K), 2 survivors (4096K)
 Metaspace       used 71643K, committed 72704K, reserved 917504K
  class space    used 10279K, committed 10816K, reserved 851968K
}
Event: 21.938 GC heap after
{Heap after GC invocations=48 (full 0):
 garbage-first heap   total 159744K, used 81416K [0x0000000700000000, 0x0000000800000000)
  region size 2048K, 1 young (2048K), 1 survivors (2048K)
 Metaspace       used 71643K, committed 72704K, reserved 917504K
  class space    used 10279K, committed 10816K, reserved 851968K
}
Event: 22.177 GC heap before
{Heap before GC invocations=48 (full 0):
 garbage-first heap   total 159744K, used 126472K [0x0000000700000000, 0x0000000800000000)
  region size 2048K, 23 young (47104K), 1 survivors (2048K)
 Metaspace       used 71647K, committed 72704K, reserved 917504K
  class space    used 10279K, committed 10816K, reserved 851968K
}
Event: 22.179 GC heap after
{Heap after GC invocations=49 (full 0):
 garbage-first heap   total 159744K, used 83234K [0x0000000700000000, 0x0000000800000000)
  region size 2048K, 2 young (4096K), 2 survivors (4096K)
 Metaspace       used 71647K, committed 72704K, reserved 917504K
  class space    used 10279K, committed 10816K, reserved 851968K
}
Event: 22.433 GC heap before
{Heap before GC invocations=49 (full 0):
 garbage-first heap   total 159744K, used 124194K [0x0000000700000000, 0x0000000800000000)
  region size 2048K, 23 young (47104K), 2 survivors (4096K)
 Metaspace       used 71665K, committed 72704K, reserved 917504K
  class space    used 10280K, committed 10816K, reserved 851968K
}
Event: 22.436 GC heap after
{Heap after GC invocations=50 (full 0):
 garbage-first heap   total 159744K, used 86726K [0x0000000700000000, 0x0000000800000000)
  region size 2048K, 3 young (6144K), 3 survivors (6144K)
 Metaspace       used 71665K, committed 72704K, reserved 917504K
  class space    used 10280K, committed 10816K, reserved 851968K
}
Event: 23.086 GC heap before
{Heap before GC invocations=50 (full 0):
 garbage-first heap   total 159744K, used 125638K [0x0000000700000000, 0x0000000800000000)
  region size 2048K, 23 young (47104K), 3 survivors (6144K)
 Metaspace       used 73505K, committed 74688K, reserved 917504K
  class space    used 10508K, committed 11072K, reserved 851968K
}
Event: 23.092 GC heap after
{Heap after GC invocations=51 (full 0):
 garbage-first heap   total 292864K, used 95829K [0x0000000700000000, 0x0000000800000000)
  region size 2048K, 3 young (6144K), 3 survivors (6144K)
 Metaspace       used 73505K, committed 74688K, reserved 917504K
  class space    used 10508K, committed 11072K, reserved 851968K
}
Event: 24.275 GC heap before
{Heap before GC invocations=51 (full 0):
 garbage-first heap   total 292864K, used 187989K [0x0000000700000000, 0x0000000800000000)
  region size 2048K, 49 young (100352K), 3 survivors (6144K)
 Metaspace       used 80029K, committed 81152K, reserved 983040K
  class space    used 11294K, committed 11840K, reserved 851968K
}
Event: 24.282 GC heap after
{Heap after GC invocations=52 (full 0):
 garbage-first heap   total 292864K, used 103202K [0x0000000700000000, 0x0000000800000000)
  region size 2048K, 7 young (14336K), 7 survivors (14336K)
 Metaspace       used 80029K, committed 81152K, reserved 983040K
  class space    used 11294K, committed 11840K, reserved 851968K
}
Event: 25.867 GC heap before
{Heap before GC invocations=52 (full 0):
 garbage-first heap   total 292864K, used 201506K [0x0000000700000000, 0x0000000800000000)
  region size 2048K, 53 young (108544K), 7 survivors (14336K)
 Metaspace       used 86494K, committed 87616K, reserved 983040K
  class space    used 12177K, committed 12736K, reserved 851968K
}
Event: 25.874 GC heap after
{Heap after GC invocations=53 (full 0):
 garbage-first heap   total 292864K, used 110602K [0x0000000700000000, 0x0000000800000000)
  region size 2048K, 6 young (12288K), 6 survivors (12288K)
 Metaspace       used 86494K, committed 87616K, reserved 983040K
  class space    used 12177K, committed 12736K, reserved 851968K
}
Event: 27.486 GC heap before
{Heap before GC invocations=53 (full 0):
 garbage-first heap   total 292864K, used 206858K [0x0000000700000000, 0x0000000800000000)
  region size 2048K, 53 young (108544K), 6 survivors (12288K)
 Metaspace       used 90354K, committed 91520K, reserved 983040K
  class space    used 12648K, committed 13184K, reserved 851968K
}
Event: 27.494 GC heap after
{Heap after GC invocations=54 (full 0):
 garbage-first heap   total 292864K, used 118391K [0x0000000700000000, 0x0000000800000000)
  region size 2048K, 6 young (12288K), 6 survivors (12288K)
 Metaspace       used 90354K, committed 91520K, reserved 983040K
  class space    used 12648K, committed 13184K, reserved 851968K
}
Event: 28.953 GC heap before
{Heap before GC invocations=54 (full 0):
 garbage-first heap   total 292864K, used 214647K [0x0000000700000000, 0x0000000800000000)
  region size 2048K, 53 young (108544K), 6 survivors (12288K)
 Metaspace       used 96521K, committed 97792K, reserved 983040K
  class space    used 13642K, committed 14272K, reserved 851968K
}
Event: 28.962 GC heap after
{Heap after GC invocations=55 (full 0):
 garbage-first heap   total 292864K, used 122134K [0x0000000700000000, 0x0000000800000000)
  region size 2048K, 3 young (6144K), 3 survivors (6144K)
 Metaspace       used 96521K, committed 97792K, reserved 983040K
  class space    used 13642K, committed 14272K, reserved 851968K
}

