# JRE version: Java(TM) SE Runtime Environment (17.0.12+8) (build 17.0.12+8-LTS-286)
# Java VM: Java HotSpot(TM) 64-Bit Server VM (17.0.12+8-LTS-286, mixed mode, sharing, tiered, compressed oops, compressed class ptrs, g1 gc, windows-amd64)
GC Precious Log:
 CPUs: 8 total, 8 available
 Memory: 16167M
 Large Page Support: Disabled
 NUMA Support: Disabled
 Compressed Oops: Enabled (Zero based)
 Heap Region Size: 2M
 Heap Min Capacity: 8M
 Heap Initial Capacity: 254M
 Heap Max Capacity: 4G
 Pre-touch: Disabled
 Parallel Workers: 8
 Concurrent Workers: 2
 Concurrent Refinement Workers: 8
 Periodic GC: Disabled
Heap:
 garbage-first heap   total 468992K, used 287522K [0x0000000700000000, 0x0000000800000000)
  region size 2048K, 11 young (22528K), 5 survivors (10240K)
 Metaspace       used 119089K, committed 121408K, reserved 983040K
  class space    used 16659K, committed 17792K, reserved 851968K
GC Heap History (20 events):
Event: 37.845 GC heap before
{Heap before GC invocations=61 (full 0):
 garbage-first heap   total 356352K, used 287379K [0x0000000700000000, 0x0000000800000000)
  region size 2048K, 44 young (90112K), 5 survivors (10240K)
 Metaspace       used 110299K, committed 112256K, reserved 983040K
  class space    used 15429K, committed 16384K, reserved 851968K
}
Event: 37.851 GC heap after
{Heap after GC invocations=62 (full 0):
 garbage-first heap   total 356352K, used 212116K [0x0000000700000000, 0x0000000800000000)
  region size 2048K, 3 young (6144K), 3 survivors (6144K)
 Metaspace       used 110299K, committed 112256K, reserved 983040K
  class space    used 15429K, committed 16384K, reserved 851968K
}
Event: 38.669 GC heap before
{Heap before GC invocations=62 (full 0):
 garbage-first heap   total 356352K, used 291988K [0x0000000700000000, 0x0000000800000000)
  region size 2048K, 42 young (86016K), 3 survivors (6144K)
 Metaspace       used 110482K, committed 112384K, reserved 983040K
  class space    used 15453K, committed 16384K, reserved 851968K
}
Event: 38.676 GC heap after
{Heap after GC invocations=63 (full 0):
 garbage-first heap   total 356352K, used 224321K [0x0000000700000000, 0x0000000800000000)
  region size 2048K, 6 young (12288K), 6 survivors (12288K)
 Metaspace       used 110482K, committed 112384K, reserved 983040K
  class space    used 15453K, committed 16384K, reserved 851968K
}
Event: 38.875 GC heap before
{Heap before GC invocations=63 (full 0):
 garbage-first heap   total 356352K, used 289857K [0x0000000700000000, 0x0000000800000000)
  region size 2048K, 39 young (79872K), 6 survivors (12288K)
 Metaspace       used 110482K, committed 112384K, reserved 983040K
  class space    used 15453K, committed 16384K, reserved 851968K
}
Event: 38.882 GC heap after
{Heap after GC invocations=64 (full 0):
 garbage-first heap   total 356352K, used 226485K [0x0000000700000000, 0x0000000800000000)
  region size 2048K, 2 young (4096K), 2 survivors (4096K)
 Metaspace       used 110482K, committed 112384K, reserved 983040K
  class space    used 15453K, committed 16384K, reserved 851968K
}
Event: 40.259 GC heap before
{Heap before GC invocations=64 (full 0):
 garbage-first heap   total 356352K, used 292021K [0x0000000700000000, 0x0000000800000000)
  region size 2048K, 35 young (71680K), 2 survivors (4096K)
 Metaspace       used 111078K, committed 113216K, reserved 983040K
  class space    used 15561K, committed 16576K, reserved 851968K
}
Event: 40.267 GC heap after
{Heap after GC invocations=65 (full 0):
 garbage-first heap   total 356352K, used 234674K [0x0000000700000000, 0x0000000800000000)
  region size 2048K, 5 young (10240K), 5 survivors (10240K)
 Metaspace       used 111078K, committed 113216K, reserved 983040K
  class space    used 15561K, committed 16576K, reserved 851968K
}
Event: 40.493 GC heap before
{Heap before GC invocations=65 (full 0):
 garbage-first heap   total 356352K, used 292018K [0x0000000700000000, 0x0000000800000000)
  region size 2048K, 34 young (69632K), 5 survivors (10240K)
 Metaspace       used 111107K, committed 113216K, reserved 983040K
  class space    used 15565K, committed 16576K, reserved 851968K
}
Event: 40.500 GC heap after
{Heap after GC invocations=66 (full 0):
 garbage-first heap   total 356352K, used 238212K [0x0000000700000000, 0x0000000800000000)
  region size 2048K, 3 young (6144K), 3 survivors (6144K)
 Metaspace       used 111107K, committed 113216K, reserved 983040K
  class space    used 15565K, committed 16576K, reserved 851968K
}
Event: 40.653 GC heap before
{Heap before GC invocations=66 (full 0):
 garbage-first heap   total 356352K, used 291460K [0x0000000700000000, 0x0000000800000000)
  region size 2048K, 30 young (61440K), 3 survivors (6144K)
 Metaspace       used 111107K, committed 113216K, reserved 983040K
  class space    used 15565K, committed 16576K, reserved 851968K
}
Event: 40.656 GC heap after
{Heap after GC invocations=67 (full 0):
 garbage-first heap   total 356352K, used 238245K [0x0000000700000000, 0x0000000800000000)
  region size 2048K, 3 young (6144K), 3 survivors (6144K)
 Metaspace       used 111107K, committed 113216K, reserved 983040K
  class space    used 15565K, committed 16576K, reserved 851968K
}
Event: 41.486 GC heap before
{Heap before GC invocations=67 (full 0):
 garbage-first heap   total 356352K, used 295589K [0x0000000700000000, 0x0000000800000000)
  region size 2048K, 32 young (65536K), 3 survivors (6144K)
 Metaspace       used 111676K, committed 113856K, reserved 983040K
  class space    used 15653K, committed 16704K, reserved 851968K
}
Event: 41.494 GC heap after
{Heap after GC invocations=68 (full 0):
 garbage-first heap   total 428032K, used 248488K [0x0000000700000000, 0x0000000800000000)
  region size 2048K, 4 young (8192K), 4 survivors (8192K)
 Metaspace       used 111676K, committed 113856K, reserved 983040K
  class space    used 15653K, committed 16704K, reserved 851968K
}
Event: 43.620 GC heap before
{Heap before GC invocations=68 (full 0):
 garbage-first heap   total 428032K, used 354984K [0x0000000700000000, 0x0000000800000000)
  region size 2048K, 56 young (114688K), 4 survivors (8192K)
 Metaspace       used 117081K, committed 119232K, reserved 983040K
  class space    used 16401K, committed 17408K, reserved 851968K
}
Event: 43.630 GC heap after
{Heap after GC invocations=69 (full 0):
 garbage-first heap   total 428032K, used 257608K [0x0000000700000000, 0x0000000800000000)
  region size 2048K, 7 young (14336K), 7 survivors (14336K)
 Metaspace       used 117081K, committed 119232K, reserved 983040K
  class space    used 16401K, committed 17408K, reserved 851968K
}
Event: 44.375 GC heap before
{Heap before GC invocations=69 (full 0):
 garbage-first heap   total 428032K, used 298568K [0x0000000700000000, 0x0000000800000000)
  region size 2048K, 28 young (57344K), 7 survivors (14336K)
 Metaspace       used 118053K, committed 120256K, reserved 983040K
  class space    used 16518K, committed 17600K, reserved 851968K
}
Event: 44.389 GC heap after
{Heap after GC invocations=70 (full 0):
 garbage-first heap   total 428032K, used 267042K [0x0000000700000000, 0x0000000800000000)
  region size 2048K, 7 young (14336K), 7 survivors (14336K)
 Metaspace       used 118053K, committed 120256K, reserved 983040K
  class space    used 16518K, committed 17600K, reserved 851968K
}
Event: 46.138 GC heap before
{Heap before GC invocations=71 (full 0):
 garbage-first heap   total 468992K, used 348962K [0x0000000700000000, 0x0000000800000000)
  region size 2048K, 47 young (96256K), 7 survivors (14336K)
 Metaspace       used 119049K, committed 121344K, reserved 983040K
  class space    used 16657K, committed 17792K, reserved 851968K
}
Event: 46.157 GC heap after
{Heap after GC invocations=72 (full 0):
 garbage-first heap   total 468992K, used 277282K [0x0000000700000000, 0x0000000800000000)
  region size 2048K, 5 young (10240K), 5 survivors (10240K)
 Metaspace       used 119049K, committed 121344K, reserved 983040K
  class space    used 16657K, committed 17792K, reserved 851968K
}

